GPU is being properly used
GPU is being properly used
GPU is being properly used
GPU is being properly used
GPU is being properly used
GPU is being properly used
number of images in the training set: 383
number of images in the testing set: 383
Epoch: [0]  [ 0/24]  eta: 0:01:12  lr: 0.000013  loss: 3.0429 (3.0429)  loss_classifier: 2.2881 (2.2881)  loss_box_reg: 0.0247 (0.0247)  loss_objectness: 0.6936 (0.6936)  loss_rpn_box_reg: 0.0365 (0.0365)  time: 3.0173  data: 0.3230  max mem: 28028
Epoch: [0]  [23/24]  eta: 0:00:02  lr: 0.000300  loss: 1.6534 (2.0778)  loss_classifier: 0.9012 (1.3061)  loss_box_reg: 0.0232 (0.0267)  loss_objectness: 0.6922 (0.6923)  loss_rpn_box_reg: 0.0445 (0.0527)  time: 2.6202  data: 0.3389  max mem: 28310
Epoch: [0] Total time: 0:01:03 (2.6422 s / it)
creating index...
index created!
Test:  [ 0/24]  eta: 0:00:50  model_time: 1.2490 (1.2490)  evaluator_time: 0.0079 (0.0079)  time: 2.1082  data: 0.2386  max mem: 28310
Test:  [23/24]  eta: 0:00:01  model_time: 0.6813 (0.7039)  evaluator_time: 0.0046 (0.0049)  time: 1.5519  data: 0.2452  max mem: 28310
Test: Total time: 0:00:38 (1.5843 s / it)
Averaged stats: model_time: 0.6813 (0.7039)  evaluator_time: 0.0046 (0.0049)
Accumulating evaluation results...
DONE (t=0.06s).
IoU metric: bbox
 Average Precision  (AP) @[ IoU=0.50:0.95 | area=   all | maxDets=100 ] = 0.000
 Average Precision  (AP) @[ IoU=0.50      | area=   all | maxDets=100 ] = 0.000
 Average Precision  (AP) @[ IoU=0.75      | area=   all | maxDets=100 ] = 0.000
 Average Precision  (AP) @[ IoU=0.50:0.95 | area= small | maxDets=100 ] = 0.000
 Average Precision  (AP) @[ IoU=0.50:0.95 | area=medium | maxDets=100 ] = 0.000
 Average Precision  (AP) @[ IoU=0.50:0.95 | area= large | maxDets=100 ] = 0.000
 Average Recall     (AR) @[ IoU=0.50:0.95 | area=   all | maxDets=  1 ] = 0.000
 Average Recall     (AR) @[ IoU=0.50:0.95 | area=   all | maxDets= 10 ] = 0.000
 Average Recall     (AR) @[ IoU=0.50:0.95 | area=   all | maxDets=100 ] = 0.000
 Average Recall     (AR) @[ IoU=0.50:0.95 | area= small | maxDets=100 ] = 0.000
 Average Recall     (AR) @[ IoU=0.50:0.95 | area=medium | maxDets=100 ] = 0.000
 Average Recall     (AR) @[ IoU=0.50:0.95 | area= large | maxDets=100 ] = 0.000

==================================================

Epoch: [1]  [ 0/24]  eta: 0:01:07  lr: 0.000300  loss: 0.9273 (0.9273)  loss_classifier: 0.1242 (0.1242)  loss_box_reg: 0.0253 (0.0253)  loss_objectness: 0.6895 (0.6895)  loss_rpn_box_reg: 0.0883 (0.0883)  time: 2.8020  data: 0.3048  max mem: 28310
Epoch: [1]  [23/24]  eta: 0:00:02  lr: 0.000300  loss: 0.8732 (0.8811)  loss_classifier: 0.1127 (0.1157)  loss_box_reg: 0.0274 (0.0298)  loss_objectness: 0.6847 (0.6857)  loss_rpn_box_reg: 0.0415 (0.0499)  time: 2.7494  data: 0.3374  max mem: 28310
Epoch: [1] Total time: 0:01:05 (2.7315 s / it)

==================================================

Epoch: [2]  [ 0/24]  eta: 0:01:03  lr: 0.000150  loss: 0.8524 (0.8524)  loss_classifier: 0.1224 (0.1224)  loss_box_reg: 0.0308 (0.0308)  loss_objectness: 0.6811 (0.6811)  loss_rpn_box_reg: 0.0182 (0.0182)  time: 2.6638  data: 0.3456  max mem: 28310
Epoch: [2]  [23/24]  eta: 0:00:02  lr: 0.000150  loss: 0.8598 (0.8662)  loss_classifier: 0.1025 (0.1108)  loss_box_reg: 0.0278 (0.0293)  loss_objectness: 0.6787 (0.6792)  loss_rpn_box_reg: 0.0371 (0.0469)  time: 2.6296  data: 0.3350  max mem: 28310
Epoch: [2] Total time: 0:01:03 (2.6329 s / it)

==================================================

Epoch: [3]  [ 0/24]  eta: 0:01:04  lr: 0.000300  loss: 0.8748 (0.8748)  loss_classifier: 0.1226 (0.1226)  loss_box_reg: 0.0302 (0.0302)  loss_objectness: 0.6768 (0.6768)  loss_rpn_box_reg: 0.0452 (0.0452)  time: 2.6868  data: 0.3477  max mem: 28310
Epoch: [3]  [23/24]  eta: 0:00:02  lr: 0.000300  loss: 0.8353 (0.8426)  loss_classifier: 0.0913 (0.0986)  loss_box_reg: 0.0252 (0.0265)  loss_objectness: 0.6719 (0.6726)  loss_rpn_box_reg: 0.0457 (0.0449)  time: 2.6082  data: 0.3234  max mem: 28310
Epoch: [3] Total time: 0:01:02 (2.6155 s / it)

==================================================

Epoch: [4]  [ 0/24]  eta: 0:01:02  lr: 0.000256  loss: 0.8713 (0.8713)  loss_classifier: 0.0939 (0.0939)  loss_box_reg: 0.0286 (0.0286)  loss_objectness: 0.6690 (0.6690)  loss_rpn_box_reg: 0.0798 (0.0798)  time: 2.6194  data: 0.3562  max mem: 28310
Epoch: [4]  [23/24]  eta: 0:00:02  lr: 0.000256  loss: 0.8229 (0.8264)  loss_classifier: 0.0966 (0.0945)  loss_box_reg: 0.0243 (0.0254)  loss_objectness: 0.6629 (0.6641)  loss_rpn_box_reg: 0.0410 (0.0425)  time: 2.6007  data: 0.3290  max mem: 28310
Epoch: [4] Total time: 0:01:02 (2.6041 s / it)

==================================================

Epoch: [5]  [ 0/24]  eta: 0:01:03  lr: 0.000150  loss: 0.8223 (0.8223)  loss_classifier: 0.1031 (0.1031)  loss_box_reg: 0.0311 (0.0311)  loss_objectness: 0.6599 (0.6599)  loss_rpn_box_reg: 0.0283 (0.0283)  time: 2.6394  data: 0.3487  max mem: 28310
Epoch: [5]  [23/24]  eta: 0:00:02  lr: 0.000150  loss: 0.8084 (0.8113)  loss_classifier: 0.0881 (0.0901)  loss_box_reg: 0.0215 (0.0228)  loss_objectness: 0.6574 (0.6580)  loss_rpn_box_reg: 0.0410 (0.0403)  time: 2.5733  data: 0.3071  max mem: 28310
Epoch: [5] Total time: 0:01:01 (2.5809 s / it)

==================================================

Epoch: [6]  [ 0/24]  eta: 0:01:00  lr: 0.000044  loss: 0.7910 (0.7910)  loss_classifier: 0.0929 (0.0929)  loss_box_reg: 0.0244 (0.0244)  loss_objectness: 0.6544 (0.6544)  loss_rpn_box_reg: 0.0194 (0.0194)  time: 2.5368  data: 0.2712  max mem: 28310
Epoch: [6]  [23/24]  eta: 0:00:02  lr: 0.000044  loss: 0.8084 (0.8065)  loss_classifier: 0.0919 (0.0890)  loss_box_reg: 0.0245 (0.0233)  loss_objectness: 0.6547 (0.6546)  loss_rpn_box_reg: 0.0395 (0.0396)  time: 2.5700  data: 0.2964  max mem: 28310
Epoch: [6] Total time: 0:01:01 (2.5716 s / it)

==================================================

Epoch: [7]  [ 0/24]  eta: 0:01:01  lr: 0.000300  loss: 0.8073 (0.8073)  loss_classifier: 0.0903 (0.0903)  loss_box_reg: 0.0242 (0.0242)  loss_objectness: 0.6529 (0.6529)  loss_rpn_box_reg: 0.0399 (0.0399)  time: 2.5595  data: 0.3009  max mem: 28310
Epoch: [7]  [23/24]  eta: 0:00:02  lr: 0.000300  loss: 0.7846 (0.7931)  loss_classifier: 0.0841 (0.0844)  loss_box_reg: 0.0197 (0.0218)  loss_objectness: 0.6475 (0.6492)  loss_rpn_box_reg: 0.0299 (0.0377)  time: 2.6051  data: 0.3330  max mem: 28310
Epoch: [7] Total time: 0:01:02 (2.6011 s / it)

==================================================

Epoch: [8]  [ 0/24]  eta: 0:01:02  lr: 0.000289  loss: 0.7708 (0.7708)  loss_classifier: 0.0652 (0.0652)  loss_box_reg: 0.0127 (0.0127)  loss_objectness: 0.6448 (0.6448)  loss_rpn_box_reg: 0.0481 (0.0481)  time: 2.5848  data: 0.2645  max mem: 28310
Epoch: [8]  [23/24]  eta: 0:00:02  lr: 0.000289  loss: 0.7592 (0.7687)  loss_classifier: 0.0725 (0.0759)  loss_box_reg: 0.0176 (0.0177)  loss_objectness: 0.6373 (0.6393)  loss_rpn_box_reg: 0.0332 (0.0358)  time: 2.6028  data: 0.3243  max mem: 28310
Epoch: [8] Total time: 0:01:02 (2.6007 s / it)

==================================================

Epoch: [9]  [ 0/24]  eta: 0:01:02  lr: 0.000256  loss: 0.7585 (0.7585)  loss_classifier: 0.0722 (0.0722)  loss_box_reg: 0.0123 (0.0123)  loss_objectness: 0.6332 (0.6332)  loss_rpn_box_reg: 0.0409 (0.0409)  time: 2.5886  data: 0.3097  max mem: 28310
Epoch: [9]  [23/24]  eta: 0:00:02  lr: 0.000256  loss: 0.7488 (0.7553)  loss_classifier: 0.0766 (0.0783)  loss_box_reg: 0.0118 (0.0125)  loss_objectness: 0.6287 (0.6298)  loss_rpn_box_reg: 0.0296 (0.0347)  time: 2.5997  data: 0.3163  max mem: 28310
Epoch: [9] Total time: 0:01:02 (2.6121 s / it)

==================================================

Epoch: [10]  [ 0/24]  eta: 0:01:02  lr: 0.000207  loss: 0.7161 (0.7161)  loss_classifier: 0.0694 (0.0694)  loss_box_reg: 0.0104 (0.0104)  loss_objectness: 0.6202 (0.6202)  loss_rpn_box_reg: 0.0161 (0.0161)  time: 2.6166  data: 0.3150  max mem: 28310
Epoch: [10]  [23/24]  eta: 0:00:02  lr: 0.000207  loss: 0.7369 (0.7427)  loss_classifier: 0.0745 (0.0793)  loss_box_reg: 0.0074 (0.0080)  loss_objectness: 0.6203 (0.6208)  loss_rpn_box_reg: 0.0332 (0.0345)  time: 2.5747  data: 0.2957  max mem: 28310
Epoch: [10] Total time: 0:01:01 (2.5765 s / it)

==================================================

Epoch: [11]  [ 0/24]  eta: 0:01:02  lr: 0.000150  loss: 0.7153 (0.7153)  loss_classifier: 0.0725 (0.0725)  loss_box_reg: 0.0035 (0.0035)  loss_objectness: 0.6145 (0.6145)  loss_rpn_box_reg: 0.0249 (0.0249)  time: 2.5954  data: 0.3143  max mem: 28310
Epoch: [11]  [23/24]  eta: 0:00:02  lr: 0.000150  loss: 0.7315 (0.7329)  loss_classifier: 0.0739 (0.0777)  loss_box_reg: 0.0076 (0.0078)  loss_objectness: 0.6112 (0.6133)  loss_rpn_box_reg: 0.0327 (0.0341)  time: 2.5911  data: 0.3333  max mem: 28310
Epoch: [11] Total time: 0:01:02 (2.5946 s / it)

==================================================

Epoch: [12]  [ 0/24]  eta: 0:01:02  lr: 0.000093  loss: 0.6877 (0.6877)  loss_classifier: 0.0554 (0.0554)  loss_box_reg: 0.0051 (0.0051)  loss_objectness: 0.6064 (0.6064)  loss_rpn_box_reg: 0.0208 (0.0208)  time: 2.6055  data: 0.3290  max mem: 28310
Epoch: [12]  [23/24]  eta: 0:00:02  lr: 0.000093  loss: 0.7182 (0.7239)  loss_classifier: 0.0743 (0.0737)  loss_box_reg: 0.0065 (0.0070)  loss_objectness: 0.6082 (0.6087)  loss_rpn_box_reg: 0.0324 (0.0344)  time: 2.6149  data: 0.3205  max mem: 28310
Epoch: [12] Total time: 0:01:02 (2.6108 s / it)

==================================================

Epoch: [13]  [ 0/24]  eta: 0:01:03  lr: 0.000044  loss: 0.7133 (0.7133)  loss_classifier: 0.0731 (0.0731)  loss_box_reg: 0.0061 (0.0061)  loss_objectness: 0.6053 (0.6053)  loss_rpn_box_reg: 0.0287 (0.0287)  time: 2.6505  data: 0.3254  max mem: 28310
Epoch: [13]  [23/24]  eta: 0:00:02  lr: 0.000044  loss: 0.7269 (0.7220)  loss_classifier: 0.0735 (0.0752)  loss_box_reg: 0.0067 (0.0072)  loss_objectness: 0.6049 (0.6054)  loss_rpn_box_reg: 0.0342 (0.0342)  time: 2.6267  data: 0.3302  max mem: 28310
Epoch: [13] Total time: 0:01:02 (2.6247 s / it)

==================================================

Epoch: [14]  [ 0/24]  eta: 0:01:01  lr: 0.000011  loss: 0.7312 (0.7312)  loss_classifier: 0.0831 (0.0831)  loss_box_reg: 0.0084 (0.0084)  loss_objectness: 0.6075 (0.6075)  loss_rpn_box_reg: 0.0322 (0.0322)  time: 2.5803  data: 0.3123  max mem: 28310
Epoch: [14]  [23/24]  eta: 0:00:02  lr: 0.000011  loss: 0.7154 (0.7218)  loss_classifier: 0.0733 (0.0764)  loss_box_reg: 0.0067 (0.0073)  loss_objectness: 0.6029 (0.6042)  loss_rpn_box_reg: 0.0304 (0.0338)  time: 2.5803  data: 0.3141  max mem: 28310
Epoch: [14] Total time: 0:01:01 (2.5831 s / it)

==================================================

Epoch: [15]  [ 0/24]  eta: 0:01:03  lr: 0.000300  loss: 0.7216 (0.7216)  loss_classifier: 0.0789 (0.0789)  loss_box_reg: 0.0072 (0.0072)  loss_objectness: 0.6047 (0.6047)  loss_rpn_box_reg: 0.0308 (0.0308)  time: 2.6307  data: 0.3328  max mem: 28310
Epoch: [15]  [23/24]  eta: 0:00:02  lr: 0.000300  loss: 0.7045 (0.7083)  loss_classifier: 0.0718 (0.0717)  loss_box_reg: 0.0063 (0.0063)  loss_objectness: 0.5941 (0.5963)  loss_rpn_box_reg: 0.0299 (0.0339)  time: 2.6035  data: 0.3225  max mem: 28310
Epoch: [15] Total time: 0:01:02 (2.6070 s / it)

==================================================

Epoch: [16]  [ 0/24]  eta: 0:01:01  lr: 0.000297  loss: 0.7074 (0.7074)  loss_classifier: 0.0787 (0.0787)  loss_box_reg: 0.0102 (0.0102)  loss_objectness: 0.5857 (0.5857)  loss_rpn_box_reg: 0.0327 (0.0327)  time: 2.5753  data: 0.3147  max mem: 28310
Epoch: [16]  [23/24]  eta: 0:00:02  lr: 0.000297  loss: 0.6795 (0.6861)  loss_classifier: 0.0633 (0.0667)  loss_box_reg: 0.0053 (0.0056)  loss_objectness: 0.5777 (0.5801)  loss_rpn_box_reg: 0.0329 (0.0337)  time: 2.6054  data: 0.3129  max mem: 28310
Epoch: [16] Total time: 0:01:02 (2.6071 s / it)

==================================================

Epoch: [17]  [ 0/24]  eta: 0:01:02  lr: 0.000289  loss: 0.6575 (0.6575)  loss_classifier: 0.0602 (0.0602)  loss_box_reg: 0.0042 (0.0042)  loss_objectness: 0.5659 (0.5659)  loss_rpn_box_reg: 0.0272 (0.0272)  time: 2.5888  data: 0.3254  max mem: 28310
Epoch: [17]  [23/24]  eta: 0:00:02  lr: 0.000289  loss: 0.6516 (0.6635)  loss_classifier: 0.0634 (0.0635)  loss_box_reg: 0.0049 (0.0057)  loss_objectness: 0.5585 (0.5615)  loss_rpn_box_reg: 0.0297 (0.0328)  time: 2.6003  data: 0.3170  max mem: 28310
Epoch: [17] Total time: 0:01:02 (2.5994 s / it)

==================================================

Epoch: [18]  [ 0/24]  eta: 0:01:01  lr: 0.000275  loss: 0.6476 (0.6476)  loss_classifier: 0.0642 (0.0642)  loss_box_reg: 0.0045 (0.0045)  loss_objectness: 0.5550 (0.5550)  loss_rpn_box_reg: 0.0240 (0.0240)  time: 2.5504  data: 0.3206  max mem: 28310
Epoch: [18]  [23/24]  eta: 0:00:02  lr: 0.000275  loss: 0.6302 (0.6345)  loss_classifier: 0.0533 (0.0565)  loss_box_reg: 0.0043 (0.0047)  loss_objectness: 0.5376 (0.5403)  loss_rpn_box_reg: 0.0299 (0.0330)  time: 2.5840  data: 0.2955  max mem: 28310
Epoch: [18] Total time: 0:01:01 (2.5787 s / it)

==================================================

Epoch: [19]  [ 0/24]  eta: 0:01:02  lr: 0.000256  loss: 0.6095 (0.6095)  loss_classifier: 0.0441 (0.0441)  loss_box_reg: 0.0024 (0.0024)  loss_objectness: 0.5267 (0.5267)  loss_rpn_box_reg: 0.0363 (0.0363)  time: 2.5881  data: 0.2840  max mem: 28310
Epoch: [19]  [23/24]  eta: 0:00:02  lr: 0.000256  loss: 0.5941 (0.6021)  loss_classifier: 0.0496 (0.0491)  loss_box_reg: 0.0038 (0.0044)  loss_objectness: 0.5131 (0.5156)  loss_rpn_box_reg: 0.0341 (0.0330)  time: 2.6107  data: 0.3223  max mem: 28310
Epoch: [19] Total time: 0:01:02 (2.6104 s / it)

==================================================

Epoch: [20]  [ 0/24]  eta: 0:01:03  lr: 0.000233  loss: 0.5824 (0.5824)  loss_classifier: 0.0463 (0.0463)  loss_box_reg: 0.0037 (0.0037)  loss_objectness: 0.5063 (0.5063)  loss_rpn_box_reg: 0.0261 (0.0261)  time: 2.6320  data: 0.3455  max mem: 28310
Epoch: [20]  [23/24]  eta: 0:00:02  lr: 0.000233  loss: 0.5646 (0.5696)  loss_classifier: 0.0410 (0.0438)  loss_box_reg: 0.0034 (0.0039)  loss_objectness: 0.4838 (0.4899)  loss_rpn_box_reg: 0.0283 (0.0320)  time: 2.5996  data: 0.3167  max mem: 28310
Epoch: [20] Total time: 0:01:02 (2.5975 s / it)

==================================================

Epoch: [21]  [ 0/24]  eta: 0:01:04  lr: 0.000207  loss: 0.5460 (0.5460)  loss_classifier: 0.0388 (0.0388)  loss_box_reg: 0.0023 (0.0023)  loss_objectness: 0.4748 (0.4748)  loss_rpn_box_reg: 0.0302 (0.0302)  time: 2.6724  data: 0.3584  max mem: 28310
Epoch: [21]  [23/24]  eta: 0:00:02  lr: 0.000207  loss: 0.5369 (0.5378)  loss_classifier: 0.0376 (0.0387)  loss_box_reg: 0.0030 (0.0035)  loss_objectness: 0.4619 (0.4631)  loss_rpn_box_reg: 0.0296 (0.0325)  time: 2.6063  data: 0.3120  max mem: 28310
Epoch: [21] Total time: 0:01:02 (2.6135 s / it)

==================================================

Epoch: [22]  [ 0/24]  eta: 0:01:01  lr: 0.000179  loss: 0.5063 (0.5063)  loss_classifier: 0.0418 (0.0418)  loss_box_reg: 0.0079 (0.0079)  loss_objectness: 0.4358 (0.4358)  loss_rpn_box_reg: 0.0208 (0.0208)  time: 2.5656  data: 0.3231  max mem: 28310
Epoch: [22]  [23/24]  eta: 0:00:02  lr: 0.000179  loss: 0.5147 (0.5118)  loss_classifier: 0.0368 (0.0378)  loss_box_reg: 0.0042 (0.0049)  loss_objectness: 0.4329 (0.4371)  loss_rpn_box_reg: 0.0356 (0.0321)  time: 2.5653  data: 0.3113  max mem: 28310
Epoch: [22] Total time: 0:01:01 (2.5709 s / it)

==================================================

Epoch: [23]  [ 0/24]  eta: 0:01:03  lr: 0.000150  loss: 0.4883 (0.4883)  loss_classifier: 0.0422 (0.0422)  loss_box_reg: 0.0069 (0.0069)  loss_objectness: 0.4174 (0.4174)  loss_rpn_box_reg: 0.0218 (0.0218)  time: 2.6539  data: 0.2828  max mem: 28310
Epoch: [23]  [23/24]  eta: 0:00:02  lr: 0.000150  loss: 0.4788 (0.4854)  loss_classifier: 0.0337 (0.0352)  loss_box_reg: 0.0035 (0.0042)  loss_objectness: 0.4116 (0.4136)  loss_rpn_box_reg: 0.0307 (0.0323)  time: 2.5891  data: 0.3161  max mem: 28310
Epoch: [23] Total time: 0:01:02 (2.5903 s / it)

==================================================

Epoch: [24]  [ 0/24]  eta: 0:01:01  lr: 0.000121  loss: 0.4691 (0.4691)  loss_classifier: 0.0361 (0.0361)  loss_box_reg: 0.0050 (0.0050)  loss_objectness: 0.4015 (0.4015)  loss_rpn_box_reg: 0.0265 (0.0265)  time: 2.5485  data: 0.2838  max mem: 28310
Epoch: [24]  [23/24]  eta: 0:00:02  lr: 0.000121  loss: 0.4661 (0.4661)  loss_classifier: 0.0344 (0.0354)  loss_box_reg: 0.0046 (0.0049)  loss_objectness: 0.3899 (0.3937)  loss_rpn_box_reg: 0.0323 (0.0321)  time: 2.5778  data: 0.3056  max mem: 28310
Epoch: [24] Total time: 0:01:01 (2.5812 s / it)

==================================================

Epoch: [25]  [ 0/24]  eta: 0:01:03  lr: 0.000093  loss: 0.4590 (0.4590)  loss_classifier: 0.0302 (0.0302)  loss_box_reg: 0.0018 (0.0018)  loss_objectness: 0.3936 (0.3936)  loss_rpn_box_reg: 0.0335 (0.0335)  time: 2.6308  data: 0.3170  max mem: 28310
Epoch: [25]  [23/24]  eta: 0:00:02  lr: 0.000093  loss: 0.4468 (0.4503)  loss_classifier: 0.0350 (0.0363)  loss_box_reg: 0.0056 (0.0060)  loss_objectness: 0.3771 (0.3763)  loss_rpn_box_reg: 0.0285 (0.0316)  time: 2.5996  data: 0.3218  max mem: 28310
Epoch: [25] Total time: 0:01:02 (2.6054 s / it)
creating index...
index created!
Test:  [ 0/24]  eta: 0:00:37  model_time: 0.6861 (0.6861)  evaluator_time: 0.0046 (0.0046)  time: 1.5535  data: 0.2452  max mem: 28310
Test:  [23/24]  eta: 0:00:01  model_time: 0.6810 (0.6800)  evaluator_time: 0.0048 (0.0049)  time: 1.5625  data: 0.2564  max mem: 28310
Test: Total time: 0:00:37 (1.5617 s / it)
Averaged stats: model_time: 0.6810 (0.6800)  evaluator_time: 0.0048 (0.0049)
Accumulating evaluation results...
DONE (t=0.06s).
IoU metric: bbox
 Average Precision  (AP) @[ IoU=0.50:0.95 | area=   all | maxDets=100 ] = 0.000
 Average Precision  (AP) @[ IoU=0.50      | area=   all | maxDets=100 ] = 0.000
 Average Precision  (AP) @[ IoU=0.75      | area=   all | maxDets=100 ] = 0.000
 Average Precision  (AP) @[ IoU=0.50:0.95 | area= small | maxDets=100 ] = 0.000
 Average Precision  (AP) @[ IoU=0.50:0.95 | area=medium | maxDets=100 ] = 0.000
 Average Precision  (AP) @[ IoU=0.50:0.95 | area= large | maxDets=100 ] = 0.000
 Average Recall     (AR) @[ IoU=0.50:0.95 | area=   all | maxDets=  1 ] = 0.000
 Average Recall     (AR) @[ IoU=0.50:0.95 | area=   all | maxDets= 10 ] = 0.000
 Average Recall     (AR) @[ IoU=0.50:0.95 | area=   all | maxDets=100 ] = 0.000
 Average Recall     (AR) @[ IoU=0.50:0.95 | area= small | maxDets=100 ] = 0.000
 Average Recall     (AR) @[ IoU=0.50:0.95 | area=medium | maxDets=100 ] = 0.000
 Average Recall     (AR) @[ IoU=0.50:0.95 | area= large | maxDets=100 ] = 0.000

==================================================

Epoch: [26]  [ 0/24]  eta: 0:01:04  lr: 0.000067  loss: 0.4139 (0.4139)  loss_classifier: 0.0348 (0.0348)  loss_box_reg: 0.0067 (0.0067)  loss_objectness: 0.3555 (0.3555)  loss_rpn_box_reg: 0.0170 (0.0170)  time: 2.7003  data: 0.3575  max mem: 28310
Epoch: [26]  [23/24]  eta: 0:00:02  lr: 0.000067  loss: 0.4297 (0.4383)  loss_classifier: 0.0340 (0.0354)  loss_box_reg: 0.0047 (0.0057)  loss_objectness: 0.3619 (0.3653)  loss_rpn_box_reg: 0.0281 (0.0319)  time: 2.5868  data: 0.2985  max mem: 28310
Epoch: [26] Total time: 0:01:02 (2.5913 s / it)

==================================================

Epoch: [27]  [ 0/24]  eta: 0:01:04  lr: 0.000044  loss: 0.4474 (0.4474)  loss_classifier: 0.0420 (0.0420)  loss_box_reg: 0.0102 (0.0102)  loss_objectness: 0.3593 (0.3593)  loss_rpn_box_reg: 0.0359 (0.0359)  time: 2.6817  data: 0.3761  max mem: 28310
Epoch: [27]  [23/24]  eta: 0:00:02  lr: 0.000044  loss: 0.4227 (0.4305)  loss_classifier: 0.0346 (0.0356)  loss_box_reg: 0.0049 (0.0060)  loss_objectness: 0.3518 (0.3573)  loss_rpn_box_reg: 0.0288 (0.0316)  time: 2.6095  data: 0.3243  max mem: 28310
Epoch: [27] Total time: 0:01:02 (2.6166 s / it)

==================================================

Epoch: [28]  [ 0/24]  eta: 0:01:01  lr: 0.000025  loss: 0.4316 (0.4316)  loss_classifier: 0.0346 (0.0346)  loss_box_reg: 0.0054 (0.0054)  loss_objectness: 0.3604 (0.3604)  loss_rpn_box_reg: 0.0313 (0.0313)  time: 2.5766  data: 0.2845  max mem: 28310
Epoch: [28]  [23/24]  eta: 0:00:02  lr: 0.000025  loss: 0.4214 (0.4262)  loss_classifier: 0.0360 (0.0365)  loss_box_reg: 0.0056 (0.0063)  loss_objectness: 0.3496 (0.3520)  loss_rpn_box_reg: 0.0292 (0.0314)  time: 2.6232  data: 0.3311  max mem: 28310
Epoch: [28] Total time: 0:01:02 (2.6175 s / it)

==================================================

Epoch: [29]  [ 0/24]  eta: 0:01:02  lr: 0.000011  loss: 0.4280 (0.4280)  loss_classifier: 0.0354 (0.0354)  loss_box_reg: 0.0064 (0.0064)  loss_objectness: 0.3509 (0.3509)  loss_rpn_box_reg: 0.0354 (0.0354)  time: 2.6189  data: 0.3405  max mem: 28310
Epoch: [29]  [23/24]  eta: 0:00:02  lr: 0.000011  loss: 0.4200 (0.4237)  loss_classifier: 0.0345 (0.0365)  loss_box_reg: 0.0059 (0.0065)  loss_objectness: 0.3480 (0.3491)  loss_rpn_box_reg: 0.0290 (0.0315)  time: 2.6180  data: 0.3190  max mem: 28310
Epoch: [29] Total time: 0:01:02 (2.6116 s / it)

==================================================

Epoch: [30]  [ 0/24]  eta: 0:01:02  lr: 0.000003  loss: 0.4575 (0.4575)  loss_classifier: 0.0379 (0.0379)  loss_box_reg: 0.0076 (0.0076)  loss_objectness: 0.3704 (0.3704)  loss_rpn_box_reg: 0.0415 (0.0415)  time: 2.6029  data: 0.2914  max mem: 28310
Epoch: [30]  [23/24]  eta: 0:00:02  lr: 0.000003  loss: 0.4199 (0.4220)  loss_classifier: 0.0339 (0.0359)  loss_box_reg: 0.0052 (0.0061)  loss_objectness: 0.3405 (0.3485)  loss_rpn_box_reg: 0.0261 (0.0315)  time: 2.6050  data: 0.3221  max mem: 28310
Epoch: [30] Total time: 0:01:02 (2.6099 s / it)

==================================================

Epoch: [31]  [ 0/24]  eta: 0:01:04  lr: 0.000300  loss: 0.4508 (0.4508)  loss_classifier: 0.0452 (0.0452)  loss_box_reg: 0.0097 (0.0097)  loss_objectness: 0.3510 (0.3510)  loss_rpn_box_reg: 0.0449 (0.0449)  time: 2.7077  data: 0.3695  max mem: 28310
Epoch: [31]  [23/24]  eta: 0:00:02  lr: 0.000300  loss: 0.3982 (0.4061)  loss_classifier: 0.0365 (0.0379)  loss_box_reg: 0.0068 (0.0073)  loss_objectness: 0.3218 (0.3301)  loss_rpn_box_reg: 0.0270 (0.0309)  time: 2.6430  data: 0.3311  max mem: 28310
Epoch: [31] Total time: 0:01:03 (2.6502 s / it)

==================================================

Epoch: [32]  [ 0/24]  eta: 0:01:06  lr: 0.000299  loss: 0.3924 (0.3924)  loss_classifier: 0.0367 (0.0367)  loss_box_reg: 0.0046 (0.0046)  loss_objectness: 0.3180 (0.3180)  loss_rpn_box_reg: 0.0330 (0.0330)  time: 2.7634  data: 0.3612  max mem: 28310
Epoch: [32]  [23/24]  eta: 0:00:02  lr: 0.000299  loss: 0.3620 (0.3692)  loss_classifier: 0.0373 (0.0376)  loss_box_reg: 0.0060 (0.0071)  loss_objectness: 0.2884 (0.2937)  loss_rpn_box_reg: 0.0310 (0.0309)  time: 2.6541  data: 0.3300  max mem: 28310
Epoch: [32] Total time: 0:01:03 (2.6582 s / it)

==================================================

Epoch: [33]  [ 0/24]  eta: 0:01:01  lr: 0.000297  loss: 0.3813 (0.3813)  loss_classifier: 0.0442 (0.0442)  loss_box_reg: 0.0120 (0.0120)  loss_objectness: 0.2860 (0.2860)  loss_rpn_box_reg: 0.0391 (0.0391)  time: 2.5807  data: 0.3095  max mem: 28310
Epoch: [33]  [23/24]  eta: 0:00:02  lr: 0.000297  loss: 0.3341 (0.3456)  loss_classifier: 0.0393 (0.0406)  loss_box_reg: 0.0076 (0.0087)  loss_objectness: 0.2582 (0.2652)  loss_rpn_box_reg: 0.0275 (0.0312)  time: 2.6048  data: 0.3274  max mem: 28310
Epoch: [33] Total time: 0:01:02 (2.6098 s / it)

==================================================

Epoch: [34]  [ 0/24]  eta: 0:01:01  lr: 0.000294  loss: 0.3215 (0.3215)  loss_classifier: 0.0334 (0.0334)  loss_box_reg: 0.0062 (0.0062)  loss_objectness: 0.2569 (0.2569)  loss_rpn_box_reg: 0.0250 (0.0250)  time: 2.5673  data: 0.2876  max mem: 28310
Epoch: [34]  [23/24]  eta: 0:00:02  lr: 0.000294  loss: 0.3267 (0.3258)  loss_classifier: 0.0430 (0.0435)  loss_box_reg: 0.0094 (0.0101)  loss_objectness: 0.2387 (0.2413)  loss_rpn_box_reg: 0.0280 (0.0308)  time: 2.6649  data: 0.3375  max mem: 28310
Epoch: [34] Total time: 0:01:03 (2.6532 s / it)

==================================================

Epoch: [35]  [ 0/24]  eta: 0:01:01  lr: 0.000289  loss: 0.3267 (0.3267)  loss_classifier: 0.0479 (0.0479)  loss_box_reg: 0.0089 (0.0089)  loss_objectness: 0.2320 (0.2320)  loss_rpn_box_reg: 0.0378 (0.0378)  time: 2.5780  data: 0.3095  max mem: 28310
Epoch: [35]  [23/24]  eta: 0:00:02  lr: 0.000289  loss: 0.3202 (0.3144)  loss_classifier: 0.0413 (0.0441)  loss_box_reg: 0.0087 (0.0102)  loss_objectness: 0.2248 (0.2289)  loss_rpn_box_reg: 0.0296 (0.0312)  time: 2.6396  data: 0.3249  max mem: 28310
Epoch: [35] Total time: 0:01:03 (2.6281 s / it)

==================================================

Epoch: [36]  [ 0/24]  eta: 0:01:03  lr: 0.000282  loss: 0.2940 (0.2940)  loss_classifier: 0.0405 (0.0405)  loss_box_reg: 0.0089 (0.0089)  loss_objectness: 0.2150 (0.2150)  loss_rpn_box_reg: 0.0295 (0.0295)  time: 2.6491  data: 0.3361  max mem: 28310
Epoch: [36]  [23/24]  eta: 0:00:02  lr: 0.000282  loss: 0.2912 (0.3026)  loss_classifier: 0.0478 (0.0463)  loss_box_reg: 0.0112 (0.0112)  loss_objectness: 0.2076 (0.2139)  loss_rpn_box_reg: 0.0244 (0.0311)  time: 2.6025  data: 0.2994  max mem: 28310
Epoch: [36] Total time: 0:01:02 (2.6068 s / it)

==================================================

Epoch: [37]  [ 0/24]  eta: 0:00:59  lr: 0.000275  loss: 0.3902 (0.3902)  loss_classifier: 0.0532 (0.0532)  loss_box_reg: 0.0172 (0.0172)  loss_objectness: 0.2557 (0.2557)  loss_rpn_box_reg: 0.0642 (0.0642)  time: 2.4904  data: 0.2560  max mem: 28310
Epoch: [37]  [23/24]  eta: 0:00:02  lr: 0.000275  loss: 0.2868 (0.3021)  loss_classifier: 0.0530 (0.0544)  loss_box_reg: 0.0148 (0.0155)  loss_objectness: 0.1943 (0.2015)  loss_rpn_box_reg: 0.0236 (0.0307)  time: 2.6279  data: 0.3411  max mem: 28310
Epoch: [37] Total time: 0:01:03 (2.6321 s / it)

==================================================

Epoch: [38]  [ 0/24]  eta: 0:01:04  lr: 0.000266  loss: 0.2796 (0.2796)  loss_classifier: 0.0580 (0.0580)  loss_box_reg: 0.0163 (0.0163)  loss_objectness: 0.1862 (0.1862)  loss_rpn_box_reg: 0.0190 (0.0190)  time: 2.6973  data: 0.3511  max mem: 28310
Epoch: [38]  [23/24]  eta: 0:00:02  lr: 0.000266  loss: 0.2970 (0.2980)  loss_classifier: 0.0578 (0.0591)  loss_box_reg: 0.0164 (0.0174)  loss_objectness: 0.1902 (0.1913)  loss_rpn_box_reg: 0.0292 (0.0302)  time: 2.6447  data: 0.3318  max mem: 28310
Epoch: [38] Total time: 0:01:03 (2.6505 s / it)

==================================================

Epoch: [39]  [ 0/24]  eta: 0:01:05  lr: 0.000256  loss: 0.2875 (0.2875)  loss_classifier: 0.0475 (0.0475)  loss_box_reg: 0.0144 (0.0144)  loss_objectness: 0.1915 (0.1915)  loss_rpn_box_reg: 0.0340 (0.0340)  time: 2.7299  data: 0.4178  max mem: 28310
Epoch: [39]  [23/24]  eta: 0:00:02  lr: 0.000256  loss: 0.2923 (0.2919)  loss_classifier: 0.0606 (0.0616)  loss_box_reg: 0.0184 (0.0186)  loss_objectness: 0.1807 (0.1816)  loss_rpn_box_reg: 0.0311 (0.0301)  time: 2.6373  data: 0.3381  max mem: 28310
Epoch: [39] Total time: 0:01:03 (2.6448 s / it)

==================================================

Epoch: [40]  [ 0/24]  eta: 0:01:03  lr: 0.000245  loss: 0.3252 (0.3252)  loss_classifier: 0.0549 (0.0549)  loss_box_reg: 0.0127 (0.0127)  loss_objectness: 0.2111 (0.2111)  loss_rpn_box_reg: 0.0466 (0.0466)  time: 2.6269  data: 0.3284  max mem: 28310
Epoch: [40]  [23/24]  eta: 0:00:02  lr: 0.000245  loss: 0.2762 (0.2873)  loss_classifier: 0.0648 (0.0647)  loss_box_reg: 0.0206 (0.0200)  loss_objectness: 0.1678 (0.1725)  loss_rpn_box_reg: 0.0283 (0.0302)  time: 2.6010  data: 0.3109  max mem: 28310
Epoch: [40] Total time: 0:01:02 (2.6175 s / it)

==================================================

Epoch: [41]  [ 0/24]  eta: 0:01:00  lr: 0.000233  loss: 0.3043 (0.3043)  loss_classifier: 0.0700 (0.0700)  loss_box_reg: 0.0191 (0.0191)  loss_objectness: 0.1828 (0.1828)  loss_rpn_box_reg: 0.0323 (0.0323)  time: 2.5158  data: 0.2793  max mem: 28310
Epoch: [41]  [23/24]  eta: 0:00:02  lr: 0.000233  loss: 0.2731 (0.2795)  loss_classifier: 0.0634 (0.0645)  loss_box_reg: 0.0187 (0.0193)  loss_objectness: 0.1635 (0.1658)  loss_rpn_box_reg: 0.0301 (0.0300)  time: 2.6338  data: 0.3269  max mem: 28310
Epoch: [41] Total time: 0:01:03 (2.6346 s / it)

==================================================

Epoch: [42]  [ 0/24]  eta: 0:01:01  lr: 0.000221  loss: 0.2616 (0.2616)  loss_classifier: 0.0725 (0.0725)  loss_box_reg: 0.0234 (0.0234)  loss_objectness: 0.1489 (0.1489)  loss_rpn_box_reg: 0.0167 (0.0167)  time: 2.5653  data: 0.3024  max mem: 28310
Epoch: [42]  [23/24]  eta: 0:00:02  lr: 0.000221  loss: 0.2699 (0.2738)  loss_classifier: 0.0634 (0.0651)  loss_box_reg: 0.0186 (0.0196)  loss_objectness: 0.1565 (0.1589)  loss_rpn_box_reg: 0.0275 (0.0302)  time: 2.6386  data: 0.3303  max mem: 28310
Epoch: [42] Total time: 0:01:03 (2.6304 s / it)

==================================================

Epoch: [43]  [ 0/24]  eta: 0:01:03  lr: 0.000207  loss: 0.2353 (0.2353)  loss_classifier: 0.0607 (0.0607)  loss_box_reg: 0.0132 (0.0132)  loss_objectness: 0.1449 (0.1449)  loss_rpn_box_reg: 0.0165 (0.0165)  time: 2.6528  data: 0.3316  max mem: 28310
Epoch: [43]  [23/24]  eta: 0:00:02  lr: 0.000207  loss: 0.2675 (0.2693)  loss_classifier: 0.0638 (0.0657)  loss_box_reg: 0.0176 (0.0197)  loss_objectness: 0.1501 (0.1542)  loss_rpn_box_reg: 0.0287 (0.0297)  time: 2.6285  data: 0.3309  max mem: 28310
Epoch: [43] Total time: 0:01:03 (2.6340 s / it)

==================================================

Epoch: [44]  [ 0/24]  eta: 0:01:04  lr: 0.000194  loss: 0.2691 (0.2691)  loss_classifier: 0.0682 (0.0682)  loss_box_reg: 0.0164 (0.0164)  loss_objectness: 0.1564 (0.1564)  loss_rpn_box_reg: 0.0281 (0.0281)  time: 2.6826  data: 0.3508  max mem: 28310
Epoch: [44]  [23/24]  eta: 0:00:02  lr: 0.000194  loss: 0.2575 (0.2636)  loss_classifier: 0.0640 (0.0653)  loss_box_reg: 0.0184 (0.0194)  loss_objectness: 0.1468 (0.1491)  loss_rpn_box_reg: 0.0279 (0.0298)  time: 2.6324  data: 0.3286  max mem: 28310
Epoch: [44] Total time: 0:01:03 (2.6345 s / it)

==================================================

Epoch: [45]  [ 0/24]  eta: 0:01:03  lr: 0.000179  loss: 0.2743 (0.2743)  loss_classifier: 0.0722 (0.0722)  loss_box_reg: 0.0226 (0.0226)  loss_objectness: 0.1498 (0.1498)  loss_rpn_box_reg: 0.0296 (0.0296)  time: 2.6596  data: 0.3325  max mem: 28310
Epoch: [45]  [23/24]  eta: 0:00:02  lr: 0.000179  loss: 0.2627 (0.2637)  loss_classifier: 0.0672 (0.0676)  loss_box_reg: 0.0179 (0.0210)  loss_objectness: 0.1467 (0.1459)  loss_rpn_box_reg: 0.0317 (0.0292)  time: 2.6051  data: 0.3237  max mem: 28310
Epoch: [45] Total time: 0:01:02 (2.6124 s / it)

==================================================

Epoch: [46]  [ 0/24]  eta: 0:01:01  lr: 0.000165  loss: 0.2714 (0.2714)  loss_classifier: 0.0828 (0.0828)  loss_box_reg: 0.0252 (0.0252)  loss_objectness: 0.1380 (0.1380)  loss_rpn_box_reg: 0.0255 (0.0255)  time: 2.5727  data: 0.3022  max mem: 28310
Epoch: [46]  [23/24]  eta: 0:00:02  lr: 0.000165  loss: 0.2503 (0.2542)  loss_classifier: 0.0613 (0.0646)  loss_box_reg: 0.0169 (0.0188)  loss_objectness: 0.1381 (0.1414)  loss_rpn_box_reg: 0.0268 (0.0294)  time: 2.6106  data: 0.3212  max mem: 28310
Epoch: [46] Total time: 0:01:02 (2.6007 s / it)

==================================================

Epoch: [47]  [ 0/24]  eta: 0:01:03  lr: 0.000150  loss: 0.2306 (0.2306)  loss_classifier: 0.0603 (0.0603)  loss_box_reg: 0.0207 (0.0207)  loss_objectness: 0.1280 (0.1280)  loss_rpn_box_reg: 0.0216 (0.0216)  time: 2.6531  data: 0.3272  max mem: 28310
Epoch: [47]  [23/24]  eta: 0:00:02  lr: 0.000150  loss: 0.2418 (0.2551)  loss_classifier: 0.0653 (0.0661)  loss_box_reg: 0.0206 (0.0204)  loss_objectness: 0.1316 (0.1395)  loss_rpn_box_reg: 0.0234 (0.0291)  time: 2.6631  data: 0.3468  max mem: 28310
Epoch: [47] Total time: 0:01:03 (2.6587 s / it)

==================================================

Epoch: [48]  [ 0/24]  eta: 0:01:03  lr: 0.000135  loss: 0.2478 (0.2478)  loss_classifier: 0.0557 (0.0557)  loss_box_reg: 0.0171 (0.0171)  loss_objectness: 0.1476 (0.1476)  loss_rpn_box_reg: 0.0273 (0.0273)  time: 2.6346  data: 0.3265  max mem: 28310
Epoch: [48]  [23/24]  eta: 0:00:02  lr: 0.000135  loss: 0.2372 (0.2504)  loss_classifier: 0.0623 (0.0646)  loss_box_reg: 0.0171 (0.0194)  loss_objectness: 0.1309 (0.1375)  loss_rpn_box_reg: 0.0287 (0.0289)  time: 2.6019  data: 0.3230  max mem: 28310
Epoch: [48] Total time: 0:01:02 (2.6009 s / it)

==================================================

Epoch: [49]  [ 0/24]  eta: 0:01:02  lr: 0.000121  loss: 0.2668 (0.2668)  loss_classifier: 0.0803 (0.0803)  loss_box_reg: 0.0277 (0.0277)  loss_objectness: 0.1397 (0.1397)  loss_rpn_box_reg: 0.0191 (0.0191)  time: 2.5986  data: 0.3325  max mem: 28310
Epoch: [49]  [23/24]  eta: 0:00:02  lr: 0.000121  loss: 0.2501 (0.2503)  loss_classifier: 0.0639 (0.0662)  loss_box_reg: 0.0178 (0.0201)  loss_objectness: 0.1376 (0.1353)  loss_rpn_box_reg: 0.0269 (0.0287)  time: 2.6936  data: 0.3388  max mem: 28310
Epoch: [49] Total time: 0:01:04 (2.6839 s / it)

==================================================

Epoch: [50]  [ 0/24]  eta: 0:01:05  lr: 0.000106  loss: 0.2271 (0.2271)  loss_classifier: 0.0661 (0.0661)  loss_box_reg: 0.0191 (0.0191)  loss_objectness: 0.1201 (0.1201)  loss_rpn_box_reg: 0.0218 (0.0218)  time: 2.7333  data: 0.3320  max mem: 28310
Epoch: [50]  [23/24]  eta: 0:00:02  lr: 0.000106  loss: 0.2429 (0.2498)  loss_classifier: 0.0642 (0.0673)  loss_box_reg: 0.0213 (0.0213)  loss_objectness: 0.1293 (0.1326)  loss_rpn_box_reg: 0.0276 (0.0287)  time: 2.6829  data: 0.3505  max mem: 28310
Epoch: [50] Total time: 0:01:04 (2.6833 s / it)
creating index...
index created!
Test:  [ 0/24]  eta: 0:00:38  model_time: 0.6896 (0.6896)  evaluator_time: 0.0060 (0.0060)  time: 1.6103  data: 0.2661  max mem: 28310
Test:  [23/24]  eta: 0:00:01  model_time: 0.6788 (0.6779)  evaluator_time: 0.0045 (0.0048)  time: 1.5778  data: 0.2515  max mem: 28310
Test: Total time: 0:00:37 (1.5770 s / it)
Averaged stats: model_time: 0.6788 (0.6779)  evaluator_time: 0.0045 (0.0048)
Accumulating evaluation results...
DONE (t=0.06s).
IoU metric: bbox
 Average Precision  (AP) @[ IoU=0.50:0.95 | area=   all | maxDets=100 ] = 0.000
 Average Precision  (AP) @[ IoU=0.50      | area=   all | maxDets=100 ] = 0.000
 Average Precision  (AP) @[ IoU=0.75      | area=   all | maxDets=100 ] = 0.000
 Average Precision  (AP) @[ IoU=0.50:0.95 | area= small | maxDets=100 ] = 0.000
 Average Precision  (AP) @[ IoU=0.50:0.95 | area=medium | maxDets=100 ] = 0.000
 Average Precision  (AP) @[ IoU=0.50:0.95 | area= large | maxDets=100 ] = 0.000
 Average Recall     (AR) @[ IoU=0.50:0.95 | area=   all | maxDets=  1 ] = 0.000
 Average Recall     (AR) @[ IoU=0.50:0.95 | area=   all | maxDets= 10 ] = 0.000
 Average Recall     (AR) @[ IoU=0.50:0.95 | area=   all | maxDets=100 ] = 0.000
 Average Recall     (AR) @[ IoU=0.50:0.95 | area= small | maxDets=100 ] = 0.000
 Average Recall     (AR) @[ IoU=0.50:0.95 | area=medium | maxDets=100 ] = 0.000
 Average Recall     (AR) @[ IoU=0.50:0.95 | area= large | maxDets=100 ] = 0.000

==================================================

Epoch: [51]  [ 0/24]  eta: 0:01:02  lr: 0.000093  loss: 0.2061 (0.2061)  loss_classifier: 0.0588 (0.0588)  loss_box_reg: 0.0145 (0.0145)  loss_objectness: 0.1172 (0.1172)  loss_rpn_box_reg: 0.0156 (0.0156)  time: 2.6233  data: 0.3283  max mem: 28310
Epoch: [51]  [23/24]  eta: 0:00:02  lr: 0.000093  loss: 0.2408 (0.2468)  loss_classifier: 0.0664 (0.0662)  loss_box_reg: 0.0184 (0.0202)  loss_objectness: 0.1288 (0.1312)  loss_rpn_box_reg: 0.0267 (0.0292)  time: 2.6309  data: 0.3349  max mem: 28310
Epoch: [51] Total time: 0:01:03 (2.6335 s / it)

==================================================

Epoch: [52]  [ 0/24]  eta: 0:01:04  lr: 0.000079  loss: 0.2235 (0.2235)  loss_classifier: 0.0588 (0.0588)  loss_box_reg: 0.0180 (0.0180)  loss_objectness: 0.1220 (0.1220)  loss_rpn_box_reg: 0.0247 (0.0247)  time: 2.6800  data: 0.3378  max mem: 28310
Epoch: [52]  [23/24]  eta: 0:00:02  lr: 0.000079  loss: 0.2468 (0.2459)  loss_classifier: 0.0626 (0.0663)  loss_box_reg: 0.0214 (0.0204)  loss_objectness: 0.1277 (0.1302)  loss_rpn_box_reg: 0.0299 (0.0290)  time: 2.6949  data: 0.3592  max mem: 28310
Epoch: [52] Total time: 0:01:04 (2.6930 s / it)

==================================================

Epoch: [53]  [ 0/24]  eta: 0:01:03  lr: 0.000067  loss: 0.2241 (0.2241)  loss_classifier: 0.0616 (0.0616)  loss_box_reg: 0.0160 (0.0160)  loss_objectness: 0.1210 (0.1210)  loss_rpn_box_reg: 0.0254 (0.0254)  time: 2.6500  data: 0.2999  max mem: 28310
Epoch: [53]  [23/24]  eta: 0:00:02  lr: 0.000067  loss: 0.2339 (0.2444)  loss_classifier: 0.0634 (0.0664)  loss_box_reg: 0.0195 (0.0202)  loss_objectness: 0.1243 (0.1289)  loss_rpn_box_reg: 0.0250 (0.0290)  time: 2.7560  data: 0.3445  max mem: 28310
Epoch: [53] Total time: 0:01:06 (2.7521 s / it)

==================================================

Epoch: [54]  [ 0/24]  eta: 0:01:08  lr: 0.000055  loss: 0.2650 (0.2650)  loss_classifier: 0.0634 (0.0634)  loss_box_reg: 0.0181 (0.0181)  loss_objectness: 0.1372 (0.1372)  loss_rpn_box_reg: 0.0463 (0.0463)  time: 2.8730  data: 0.3337  max mem: 28310
Epoch: [54]  [23/24]  eta: 0:00:02  lr: 0.000055  loss: 0.2307 (0.2436)  loss_classifier: 0.0688 (0.0665)  loss_box_reg: 0.0213 (0.0205)  loss_objectness: 0.1225 (0.1280)  loss_rpn_box_reg: 0.0243 (0.0286)  time: 2.7136  data: 0.3473  max mem: 28310
Epoch: [54] Total time: 0:01:05 (2.7260 s / it)

==================================================

Epoch: [55]  [ 0/24]  eta: 0:01:06  lr: 0.000044  loss: 0.2378 (0.2378)  loss_classifier: 0.0817 (0.0817)  loss_box_reg: 0.0313 (0.0313)  loss_objectness: 0.1082 (0.1082)  loss_rpn_box_reg: 0.0167 (0.0167)  time: 2.7541  data: 0.3415  max mem: 28310
Epoch: [55]  [23/24]  eta: 0:00:02  lr: 0.000044  loss: 0.2423 (0.2437)  loss_classifier: 0.0654 (0.0677)  loss_box_reg: 0.0204 (0.0209)  loss_objectness: 0.1248 (0.1264)  loss_rpn_box_reg: 0.0263 (0.0286)  time: 2.6876  data: 0.3532  max mem: 28310
Epoch: [55] Total time: 0:01:04 (2.6905 s / it)

==================================================

Epoch: [56]  [ 0/24]  eta: 0:01:03  lr: 0.000034  loss: 0.2295 (0.2295)  loss_classifier: 0.0603 (0.0603)  loss_box_reg: 0.0158 (0.0158)  loss_objectness: 0.1255 (0.1255)  loss_rpn_box_reg: 0.0279 (0.0279)  time: 2.6591  data: 0.3479  max mem: 28310
Epoch: [56]  [23/24]  eta: 0:00:02  lr: 0.000034  loss: 0.2382 (0.2425)  loss_classifier: 0.0679 (0.0668)  loss_box_reg: 0.0218 (0.0209)  loss_objectness: 0.1248 (0.1261)  loss_rpn_box_reg: 0.0278 (0.0287)  time: 2.6549  data: 0.3362  max mem: 28310
Epoch: [56] Total time: 0:01:03 (2.6595 s / it)

==================================================

Epoch: [57]  [ 0/24]  eta: 0:01:03  lr: 0.000025  loss: 0.2244 (0.2244)  loss_classifier: 0.0543 (0.0543)  loss_box_reg: 0.0149 (0.0149)  loss_objectness: 0.1318 (0.1318)  loss_rpn_box_reg: 0.0235 (0.0235)  time: 2.6371  data: 0.3454  max mem: 28310
Epoch: [57]  [23/24]  eta: 0:00:02  lr: 0.000025  loss: 0.2398 (0.2416)  loss_classifier: 0.0625 (0.0669)  loss_box_reg: 0.0210 (0.0210)  loss_objectness: 0.1227 (0.1254)  loss_rpn_box_reg: 0.0256 (0.0282)  time: 2.6487  data: 0.3413  max mem: 28310
Epoch: [57] Total time: 0:01:03 (2.6524 s / it)

==================================================

Epoch: [58]  [ 0/24]  eta: 0:01:01  lr: 0.000018  loss: 0.2353 (0.2353)  loss_classifier: 0.0639 (0.0639)  loss_box_reg: 0.0214 (0.0214)  loss_objectness: 0.1162 (0.1162)  loss_rpn_box_reg: 0.0338 (0.0338)  time: 2.5730  data: 0.3141  max mem: 28310
Epoch: [58]  [23/24]  eta: 0:00:02  lr: 0.000018  loss: 0.2425 (0.2421)  loss_classifier: 0.0669 (0.0670)  loss_box_reg: 0.0199 (0.0207)  loss_objectness: 0.1240 (0.1259)  loss_rpn_box_reg: 0.0264 (0.0284)  time: 2.6505  data: 0.3357  max mem: 28310
Epoch: [58] Total time: 0:01:03 (2.6354 s / it)

==================================================

Epoch: [59]  [ 0/24]  eta: 0:01:02  lr: 0.000011  loss: 0.2633 (0.2633)  loss_classifier: 0.0732 (0.0732)  loss_box_reg: 0.0243 (0.0243)  loss_objectness: 0.1347 (0.1347)  loss_rpn_box_reg: 0.0310 (0.0310)  time: 2.6119  data: 0.3205  max mem: 28310
Epoch: [59]  [23/24]  eta: 0:00:02  lr: 0.000011  loss: 0.2382 (0.2423)  loss_classifier: 0.0659 (0.0674)  loss_box_reg: 0.0203 (0.0212)  loss_objectness: 0.1203 (0.1250)  loss_rpn_box_reg: 0.0249 (0.0286)  time: 2.6578  data: 0.3405  max mem: 28310
Epoch: [59] Total time: 0:01:03 (2.6594 s / it)

==================================================

Epoch: [60]  [ 0/24]  eta: 0:01:04  lr: 0.000006  loss: 0.1985 (0.1985)  loss_classifier: 0.0565 (0.0565)  loss_box_reg: 0.0167 (0.0167)  loss_objectness: 0.1057 (0.1057)  loss_rpn_box_reg: 0.0196 (0.0196)  time: 2.7024  data: 0.3816  max mem: 28310
Epoch: [60]  [23/24]  eta: 0:00:02  lr: 0.000006  loss: 0.2480 (0.2432)  loss_classifier: 0.0690 (0.0683)  loss_box_reg: 0.0235 (0.0218)  loss_objectness: 0.1261 (0.1246)  loss_rpn_box_reg: 0.0245 (0.0285)  time: 2.6498  data: 0.3427  max mem: 28310
Epoch: [60] Total time: 0:01:03 (2.6522 s / it)

==================================================

Epoch: [61]  [ 0/24]  eta: 0:01:04  lr: 0.000003  loss: 0.2272 (0.2272)  loss_classifier: 0.0672 (0.0672)  loss_box_reg: 0.0219 (0.0219)  loss_objectness: 0.1169 (0.1169)  loss_rpn_box_reg: 0.0212 (0.0212)  time: 2.6964  data: 0.3772  max mem: 28310
Epoch: [61]  [23/24]  eta: 0:00:02  lr: 0.000003  loss: 0.2357 (0.2426)  loss_classifier: 0.0687 (0.0679)  loss_box_reg: 0.0214 (0.0212)  loss_objectness: 0.1185 (0.1251)  loss_rpn_box_reg: 0.0250 (0.0284)  time: 2.6492  data: 0.3409  max mem: 28310
Epoch: [61] Total time: 0:01:03 (2.6505 s / it)

==================================================

Epoch: [62]  [ 0/24]  eta: 0:01:03  lr: 0.000001  loss: 0.2140 (0.2140)  loss_classifier: 0.0586 (0.0586)  loss_box_reg: 0.0164 (0.0164)  loss_objectness: 0.1216 (0.1216)  loss_rpn_box_reg: 0.0174 (0.0174)  time: 2.6360  data: 0.3302  max mem: 28310
Epoch: [62]  [23/24]  eta: 0:00:02  lr: 0.000001  loss: 0.2404 (0.2443)  loss_classifier: 0.0688 (0.0692)  loss_box_reg: 0.0209 (0.0222)  loss_objectness: 0.1205 (0.1244)  loss_rpn_box_reg: 0.0245 (0.0285)  time: 2.6395  data: 0.3335  max mem: 28310
Epoch: [62] Total time: 0:01:03 (2.6399 s / it)

==================================================

Epoch: [63]  [ 0/24]  eta: 0:01:02  lr: 0.000300  loss: 0.2481 (0.2481)  loss_classifier: 0.0592 (0.0592)  loss_box_reg: 0.0178 (0.0178)  loss_objectness: 0.1391 (0.1391)  loss_rpn_box_reg: 0.0320 (0.0320)  time: 2.5973  data: 0.3264  max mem: 28310
Epoch: [63]  [23/24]  eta: 0:00:02  lr: 0.000300  loss: 0.2386 (0.2434)  loss_classifier: 0.0692 (0.0687)  loss_box_reg: 0.0235 (0.0224)  loss_objectness: 0.1194 (0.1235)  loss_rpn_box_reg: 0.0257 (0.0288)  time: 2.6335  data: 0.3224  max mem: 28310
Epoch: [63] Total time: 0:01:03 (2.6277 s / it)

==================================================

Epoch: [64]  [ 0/24]  eta: 0:01:05  lr: 0.000300  loss: 0.2052 (0.2052)  loss_classifier: 0.0582 (0.0582)  loss_box_reg: 0.0192 (0.0192)  loss_objectness: 0.1053 (0.1053)  loss_rpn_box_reg: 0.0225 (0.0225)  time: 2.7372  data: 0.3668  max mem: 28310
Epoch: [64]  [23/24]  eta: 0:00:02  lr: 0.000300  loss: 0.2432 (0.2368)  loss_classifier: 0.0647 (0.0666)  loss_box_reg: 0.0192 (0.0210)  loss_objectness: 0.1246 (0.1205)  loss_rpn_box_reg: 0.0303 (0.0287)  time: 2.6282  data: 0.3308  max mem: 28310
Epoch: [64] Total time: 0:01:03 (2.6322 s / it)

==================================================

Epoch: [65]  [ 0/24]  eta: 0:01:03  lr: 0.000299  loss: 0.2170 (0.2170)  loss_classifier: 0.0607 (0.0607)  loss_box_reg: 0.0180 (0.0180)  loss_objectness: 0.1169 (0.1169)  loss_rpn_box_reg: 0.0215 (0.0215)  time: 2.6397  data: 0.3518  max mem: 28310
Epoch: [65]  [23/24]  eta: 0:00:02  lr: 0.000299  loss: 0.2365 (0.2381)  loss_classifier: 0.0684 (0.0670)  loss_box_reg: 0.0216 (0.0208)  loss_objectness: 0.1244 (0.1216)  loss_rpn_box_reg: 0.0281 (0.0288)  time: 2.6365  data: 0.3353  max mem: 28310
Epoch: [65] Total time: 0:01:03 (2.6389 s / it)

==================================================

Epoch: [66]  [ 0/24]  eta: 0:01:02  lr: 0.000298  loss: 0.3129 (0.3129)  loss_classifier: 0.0785 (0.0785)  loss_box_reg: 0.0249 (0.0249)  loss_objectness: 0.1589 (0.1589)  loss_rpn_box_reg: 0.0507 (0.0507)  time: 2.6061  data: 0.2953  max mem: 28310
Epoch: [66]  [23/24]  eta: 0:00:02  lr: 0.000298  loss: 0.2260 (0.2335)  loss_classifier: 0.0637 (0.0668)  loss_box_reg: 0.0188 (0.0203)  loss_objectness: 0.1081 (0.1170)  loss_rpn_box_reg: 0.0274 (0.0295)  time: 2.6281  data: 0.3275  max mem: 28310
Epoch: [66] Total time: 0:01:03 (2.6276 s / it)

==================================================

Epoch: [67]  [ 0/24]  eta: 0:01:04  lr: 0.000297  loss: 0.2509 (0.2509)  loss_classifier: 0.0829 (0.0829)  loss_box_reg: 0.0272 (0.0272)  loss_objectness: 0.1179 (0.1179)  loss_rpn_box_reg: 0.0230 (0.0230)  time: 2.6776  data: 0.3622  max mem: 28310
Epoch: [67]  [23/24]  eta: 0:00:02  lr: 0.000297  loss: 0.2178 (0.2296)  loss_classifier: 0.0655 (0.0672)  loss_box_reg: 0.0203 (0.0205)  loss_objectness: 0.1098 (0.1131)  loss_rpn_box_reg: 0.0275 (0.0288)  time: 2.6177  data: 0.3302  max mem: 28310
Epoch: [67] Total time: 0:01:02 (2.6226 s / it)

==================================================

Epoch: [68]  [ 0/24]  eta: 0:01:01  lr: 0.000296  loss: 0.2707 (0.2707)  loss_classifier: 0.0810 (0.0810)  loss_box_reg: 0.0284 (0.0284)  loss_objectness: 0.1217 (0.1217)  loss_rpn_box_reg: 0.0395 (0.0395)  time: 2.5508  data: 0.2854  max mem: 28310
Epoch: [68]  [23/24]  eta: 0:00:02  lr: 0.000296  loss: 0.2288 (0.2340)  loss_classifier: 0.0678 (0.0710)  loss_box_reg: 0.0208 (0.0232)  loss_objectness: 0.1109 (0.1112)  loss_rpn_box_reg: 0.0244 (0.0286)  time: 2.6598  data: 0.3470  max mem: 28310
Epoch: [68] Total time: 0:01:03 (2.6545 s / it)

==================================================

Epoch: [69]  [ 0/24]  eta: 0:01:03  lr: 0.000294  loss: 0.2069 (0.2069)  loss_classifier: 0.0619 (0.0619)  loss_box_reg: 0.0168 (0.0168)  loss_objectness: 0.1034 (0.1034)  loss_rpn_box_reg: 0.0247 (0.0247)  time: 2.6293  data: 0.3363  max mem: 28310
Epoch: [69]  [23/24]  eta: 0:00:02  lr: 0.000294  loss: 0.2089 (0.2277)  loss_classifier: 0.0631 (0.0680)  loss_box_reg: 0.0194 (0.0215)  loss_objectness: 0.1059 (0.1091)  loss_rpn_box_reg: 0.0259 (0.0290)  time: 2.8271  data: 0.3439  max mem: 28310
Epoch: [69] Total time: 0:01:07 (2.7961 s / it)

==================================================

Epoch: [70]  [ 0/24]  eta: 0:01:11  lr: 0.000291  loss: 0.2024 (0.2024)  loss_classifier: 0.0586 (0.0586)  loss_box_reg: 0.0122 (0.0122)  loss_objectness: 0.1020 (0.1020)  loss_rpn_box_reg: 0.0295 (0.0295)  time: 2.9665  data: 0.2984  max mem: 28310
Epoch: [70]  [23/24]  eta: 0:00:02  lr: 0.000291  loss: 0.2212 (0.2270)  loss_classifier: 0.0664 (0.0690)  loss_box_reg: 0.0209 (0.0222)  loss_objectness: 0.1084 (0.1068)  loss_rpn_box_reg: 0.0285 (0.0290)  time: 2.7350  data: 0.3623  max mem: 28310
Epoch: [70] Total time: 0:01:05 (2.7457 s / it)

==================================================

Epoch: [71]  [ 0/24]  eta: 0:01:03  lr: 0.000289  loss: 0.2240 (0.2240)  loss_classifier: 0.0685 (0.0685)  loss_box_reg: 0.0247 (0.0247)  loss_objectness: 0.0988 (0.0988)  loss_rpn_box_reg: 0.0320 (0.0320)  time: 2.6395  data: 0.3264  max mem: 28310
Epoch: [71]  [23/24]  eta: 0:00:02  lr: 0.000289  loss: 0.2160 (0.2250)  loss_classifier: 0.0695 (0.0696)  loss_box_reg: 0.0225 (0.0227)  loss_objectness: 0.1016 (0.1043)  loss_rpn_box_reg: 0.0239 (0.0284)  time: 2.6376  data: 0.3407  max mem: 28310
Epoch: [71] Total time: 0:01:03 (2.6432 s / it)

==================================================

Epoch: [72]  [ 0/24]  eta: 0:01:03  lr: 0.000286  loss: 0.2344 (0.2344)  loss_classifier: 0.0627 (0.0627)  loss_box_reg: 0.0193 (0.0193)  loss_objectness: 0.1181 (0.1181)  loss_rpn_box_reg: 0.0344 (0.0344)  time: 2.6299  data: 0.3335  max mem: 28310
Epoch: [72]  [23/24]  eta: 0:00:02  lr: 0.000286  loss: 0.2165 (0.2240)  loss_classifier: 0.0669 (0.0694)  loss_box_reg: 0.0219 (0.0230)  loss_objectness: 0.1006 (0.1026)  loss_rpn_box_reg: 0.0275 (0.0290)  time: 2.7097  data: 0.3345  max mem: 28310
Epoch: [72] Total time: 0:01:04 (2.7050 s / it)

==================================================

Epoch: [73]  [ 0/24]  eta: 0:01:10  lr: 0.000282  loss: 0.2453 (0.2453)  loss_classifier: 0.0890 (0.0890)  loss_box_reg: 0.0353 (0.0353)  loss_objectness: 0.0935 (0.0935)  loss_rpn_box_reg: 0.0275 (0.0275)  time: 2.9364  data: 0.3056  max mem: 28310
Epoch: [73]  [23/24]  eta: 0:00:02  lr: 0.000282  loss: 0.2133 (0.2214)  loss_classifier: 0.0671 (0.0698)  loss_box_reg: 0.0207 (0.0230)  loss_objectness: 0.0984 (0.1004)  loss_rpn_box_reg: 0.0271 (0.0282)  time: 2.8847  data: 0.3448  max mem: 28310
Epoch: [73] Total time: 0:01:09 (2.8770 s / it)

==================================================

Epoch: [74]  [ 0/24]  eta: 0:01:12  lr: 0.000279  loss: 0.2219 (0.2219)  loss_classifier: 0.0662 (0.0662)  loss_box_reg: 0.0193 (0.0193)  loss_objectness: 0.1060 (0.1060)  loss_rpn_box_reg: 0.0304 (0.0304)  time: 3.0353  data: 0.3444  max mem: 28310
Epoch: [74]  [23/24]  eta: 0:00:03  lr: 0.000279  loss: 0.2194 (0.2191)  loss_classifier: 0.0708 (0.0697)  loss_box_reg: 0.0238 (0.0231)  loss_objectness: 0.0973 (0.0979)  loss_rpn_box_reg: 0.0275 (0.0284)  time: 3.1289  data: 0.3499  max mem: 28310
Epoch: [74] Total time: 0:01:14 (3.0974 s / it)

==================================================

Epoch: [75]  [ 0/24]  eta: 0:01:08  lr: 0.000275  loss: 0.2575 (0.2575)  loss_classifier: 0.0818 (0.0818)  loss_box_reg: 0.0303 (0.0303)  loss_objectness: 0.1111 (0.1111)  loss_rpn_box_reg: 0.0342 (0.0342)  time: 2.8598  data: 0.3548  max mem: 28310
Epoch: [75]  [23/24]  eta: 0:00:02  lr: 0.000275  loss: 0.2193 (0.2218)  loss_classifier: 0.0757 (0.0723)  loss_box_reg: 0.0250 (0.0246)  loss_objectness: 0.0964 (0.0969)  loss_rpn_box_reg: 0.0271 (0.0281)  time: 2.6465  data: 0.3264  max mem: 28310
Epoch: [75] Total time: 0:01:03 (2.6593 s / it)
creating index...
index created!
Test:  [ 0/24]  eta: 0:00:38  model_time: 0.6869 (0.6869)  evaluator_time: 0.0046 (0.0046)  time: 1.6243  data: 0.2556  max mem: 28310
Test:  [23/24]  eta: 0:00:01  model_time: 0.6786 (0.6784)  evaluator_time: 0.0047 (0.0080)  time: 1.5934  data: 0.2575  max mem: 28310
Test: Total time: 0:00:38 (1.5939 s / it)
Averaged stats: model_time: 0.6786 (0.6784)  evaluator_time: 0.0047 (0.0080)
Accumulating evaluation results...
DONE (t=0.06s).
IoU metric: bbox
 Average Precision  (AP) @[ IoU=0.50:0.95 | area=   all | maxDets=100 ] = 0.000
 Average Precision  (AP) @[ IoU=0.50      | area=   all | maxDets=100 ] = 0.000
 Average Precision  (AP) @[ IoU=0.75      | area=   all | maxDets=100 ] = 0.000
 Average Precision  (AP) @[ IoU=0.50:0.95 | area= small | maxDets=100 ] = 0.000
 Average Precision  (AP) @[ IoU=0.50:0.95 | area=medium | maxDets=100 ] = 0.000
 Average Precision  (AP) @[ IoU=0.50:0.95 | area= large | maxDets=100 ] = 0.000
 Average Recall     (AR) @[ IoU=0.50:0.95 | area=   all | maxDets=  1 ] = 0.000
 Average Recall     (AR) @[ IoU=0.50:0.95 | area=   all | maxDets= 10 ] = 0.000
 Average Recall     (AR) @[ IoU=0.50:0.95 | area=   all | maxDets=100 ] = 0.000
 Average Recall     (AR) @[ IoU=0.50:0.95 | area= small | maxDets=100 ] = 0.000
 Average Recall     (AR) @[ IoU=0.50:0.95 | area=medium | maxDets=100 ] = 0.000
 Average Recall     (AR) @[ IoU=0.50:0.95 | area= large | maxDets=100 ] = 0.000

==================================================

Epoch: [76]  [ 0/24]  eta: 0:01:05  lr: 0.000270  loss: 0.2403 (0.2403)  loss_classifier: 0.0728 (0.0728)  loss_box_reg: 0.0276 (0.0276)  loss_objectness: 0.1023 (0.1023)  loss_rpn_box_reg: 0.0377 (0.0377)  time: 2.7083  data: 0.3469  max mem: 28310
Epoch: [76]  [23/24]  eta: 0:00:02  lr: 0.000270  loss: 0.2120 (0.2212)  loss_classifier: 0.0691 (0.0726)  loss_box_reg: 0.0232 (0.0251)  loss_objectness: 0.0890 (0.0955)  loss_rpn_box_reg: 0.0252 (0.0281)  time: 2.6846  data: 0.3627  max mem: 28310
Epoch: [76] Total time: 0:01:04 (2.6899 s / it)

==================================================

Epoch: [77]  [ 0/24]  eta: 0:01:04  lr: 0.000266  loss: 0.2408 (0.2408)  loss_classifier: 0.0804 (0.0804)  loss_box_reg: 0.0267 (0.0267)  loss_objectness: 0.0949 (0.0949)  loss_rpn_box_reg: 0.0388 (0.0388)  time: 2.7073  data: 0.3557  max mem: 28310
Epoch: [77]  [23/24]  eta: 0:00:02  lr: 0.000266  loss: 0.2184 (0.2203)  loss_classifier: 0.0703 (0.0730)  loss_box_reg: 0.0253 (0.0255)  loss_objectness: 0.0918 (0.0938)  loss_rpn_box_reg: 0.0252 (0.0279)  time: 2.6471  data: 0.3279  max mem: 28310
Epoch: [77] Total time: 0:01:03 (2.6527 s / it)

==================================================

Epoch: [78]  [ 0/24]  eta: 0:01:01  lr: 0.000261  loss: 0.2713 (0.2713)  loss_classifier: 0.0735 (0.0735)  loss_box_reg: 0.0233 (0.0233)  loss_objectness: 0.1383 (0.1383)  loss_rpn_box_reg: 0.0362 (0.0362)  time: 2.5574  data: 0.3028  max mem: 28310
Epoch: [78]  [23/24]  eta: 0:00:02  lr: 0.000261  loss: 0.2038 (0.2164)  loss_classifier: 0.0612 (0.0700)  loss_box_reg: 0.0195 (0.0238)  loss_objectness: 0.0911 (0.0945)  loss_rpn_box_reg: 0.0242 (0.0282)  time: 2.6520  data: 0.3395  max mem: 28310
Epoch: [78] Total time: 0:01:03 (2.6538 s / it)

==================================================

Epoch: [79]  [ 0/24]  eta: 0:01:01  lr: 0.000256  loss: 0.1868 (0.1868)  loss_classifier: 0.0700 (0.0700)  loss_box_reg: 0.0215 (0.0215)  loss_objectness: 0.0789 (0.0789)  loss_rpn_box_reg: 0.0164 (0.0164)  time: 2.5807  data: 0.3107  max mem: 28310
Epoch: [79]  [23/24]  eta: 0:00:02  lr: 0.000256  loss: 0.2170 (0.2207)  loss_classifier: 0.0723 (0.0747)  loss_box_reg: 0.0249 (0.0267)  loss_objectness: 0.0890 (0.0910)  loss_rpn_box_reg: 0.0291 (0.0283)  time: 2.6488  data: 0.3436  max mem: 28310
Epoch: [79] Total time: 0:01:03 (2.6441 s / it)

==================================================

Epoch: [80]  [ 0/24]  eta: 0:01:03  lr: 0.000251  loss: 0.2313 (0.2313)  loss_classifier: 0.0811 (0.0811)  loss_box_reg: 0.0309 (0.0309)  loss_objectness: 0.0928 (0.0928)  loss_rpn_box_reg: 0.0265 (0.0265)  time: 2.6457  data: 0.3626  max mem: 28310
Epoch: [80]  [23/24]  eta: 0:00:02  lr: 0.000251  loss: 0.2168 (0.2190)  loss_classifier: 0.0746 (0.0752)  loss_box_reg: 0.0275 (0.0274)  loss_objectness: 0.0866 (0.0888)  loss_rpn_box_reg: 0.0253 (0.0277)  time: 2.6359  data: 0.3257  max mem: 28310
Epoch: [80] Total time: 0:01:03 (2.6391 s / it)

==================================================

Epoch: [81]  [ 0/24]  eta: 0:01:07  lr: 0.000245  loss: 0.1768 (0.1768)  loss_classifier: 0.0571 (0.0571)  loss_box_reg: 0.0176 (0.0176)  loss_objectness: 0.0791 (0.0791)  loss_rpn_box_reg: 0.0230 (0.0230)  time: 2.7965  data: 0.3670  max mem: 28310
Epoch: [81]  [23/24]  eta: 0:00:02  lr: 0.000245  loss: 0.2180 (0.2161)  loss_classifier: 0.0725 (0.0730)  loss_box_reg: 0.0270 (0.0260)  loss_objectness: 0.0864 (0.0894)  loss_rpn_box_reg: 0.0262 (0.0278)  time: 2.6250  data: 0.3297  max mem: 28310
Epoch: [81] Total time: 0:01:03 (2.6284 s / it)

==================================================

Epoch: [82]  [ 0/24]  eta: 0:01:02  lr: 0.000239  loss: 0.2136 (0.2136)  loss_classifier: 0.0632 (0.0632)  loss_box_reg: 0.0212 (0.0212)  loss_objectness: 0.0914 (0.0914)  loss_rpn_box_reg: 0.0379 (0.0379)  time: 2.6082  data: 0.3236  max mem: 28310
Epoch: [82]  [23/24]  eta: 0:00:02  lr: 0.000239  loss: 0.2044 (0.2118)  loss_classifier: 0.0691 (0.0716)  loss_box_reg: 0.0241 (0.0251)  loss_objectness: 0.0831 (0.0876)  loss_rpn_box_reg: 0.0241 (0.0275)  time: 2.6520  data: 0.3455  max mem: 28310
Epoch: [82] Total time: 0:01:03 (2.6484 s / it)

==================================================

Epoch: [83]  [ 0/24]  eta: 0:01:03  lr: 0.000233  loss: 0.1711 (0.1711)  loss_classifier: 0.0551 (0.0551)  loss_box_reg: 0.0148 (0.0148)  loss_objectness: 0.0767 (0.0767)  loss_rpn_box_reg: 0.0245 (0.0245)  time: 2.6507  data: 0.3402  max mem: 28310
Epoch: [83]  [23/24]  eta: 0:00:02  lr: 0.000233  loss: 0.2134 (0.2151)  loss_classifier: 0.0754 (0.0738)  loss_box_reg: 0.0269 (0.0272)  loss_objectness: 0.0825 (0.0868)  loss_rpn_box_reg: 0.0281 (0.0273)  time: 2.6161  data: 0.3256  max mem: 28310
Epoch: [83] Total time: 0:01:02 (2.6223 s / it)

==================================================

Epoch: [84]  [ 0/24]  eta: 0:01:03  lr: 0.000227  loss: 0.2378 (0.2378)  loss_classifier: 0.0957 (0.0957)  loss_box_reg: 0.0371 (0.0371)  loss_objectness: 0.0839 (0.0839)  loss_rpn_box_reg: 0.0210 (0.0210)  time: 2.6419  data: 0.2917  max mem: 28310
Epoch: [84]  [23/24]  eta: 0:00:02  lr: 0.000227  loss: 0.2089 (0.2154)  loss_classifier: 0.0741 (0.0749)  loss_box_reg: 0.0271 (0.0277)  loss_objectness: 0.0807 (0.0851)  loss_rpn_box_reg: 0.0248 (0.0276)  time: 2.6047  data: 0.3040  max mem: 28310
Epoch: [84] Total time: 0:01:02 (2.6067 s / it)

==================================================

Epoch: [85]  [ 0/24]  eta: 0:01:05  lr: 0.000221  loss: 0.2185 (0.2185)  loss_classifier: 0.0856 (0.0856)  loss_box_reg: 0.0370 (0.0370)  loss_objectness: 0.0742 (0.0742)  loss_rpn_box_reg: 0.0218 (0.0218)  time: 2.7309  data: 0.2998  max mem: 28310
Epoch: [85]  [23/24]  eta: 0:00:02  lr: 0.000221  loss: 0.2067 (0.2165)  loss_classifier: 0.0737 (0.0755)  loss_box_reg: 0.0259 (0.0275)  loss_objectness: 0.0858 (0.0861)  loss_rpn_box_reg: 0.0255 (0.0273)  time: 2.6606  data: 0.3462  max mem: 28310
Epoch: [85] Total time: 0:01:03 (2.6604 s / it)

==================================================

Epoch: [86]  [ 0/24]  eta: 0:01:02  lr: 0.000214  loss: 0.2154 (0.2154)  loss_classifier: 0.0851 (0.0851)  loss_box_reg: 0.0357 (0.0357)  loss_objectness: 0.0761 (0.0761)  loss_rpn_box_reg: 0.0185 (0.0185)  time: 2.6146  data: 0.3220  max mem: 28310
Epoch: [86]  [23/24]  eta: 0:00:02  lr: 0.000214  loss: 0.2129 (0.2169)  loss_classifier: 0.0735 (0.0752)  loss_box_reg: 0.0269 (0.0276)  loss_objectness: 0.0849 (0.0859)  loss_rpn_box_reg: 0.0288 (0.0282)  time: 2.5865  data: 0.3085  max mem: 28310
Epoch: [86] Total time: 0:01:02 (2.5877 s / it)

==================================================

Epoch: [87]  [ 0/24]  eta: 0:01:03  lr: 0.000207  loss: 0.2154 (0.2154)  loss_classifier: 0.0767 (0.0767)  loss_box_reg: 0.0266 (0.0266)  loss_objectness: 0.0847 (0.0847)  loss_rpn_box_reg: 0.0274 (0.0274)  time: 2.6535  data: 0.3534  max mem: 28310
Epoch: [87]  [23/24]  eta: 0:00:02  lr: 0.000207  loss: 0.2190 (0.2208)  loss_classifier: 0.0788 (0.0776)  loss_box_reg: 0.0278 (0.0294)  loss_objectness: 0.0896 (0.0862)  loss_rpn_box_reg: 0.0266 (0.0276)  time: 2.6262  data: 0.3301  max mem: 28310
Epoch: [87] Total time: 0:01:03 (2.6307 s / it)

==================================================

Epoch: [88]  [ 0/24]  eta: 0:01:02  lr: 0.000201  loss: 0.2354 (0.2354)  loss_classifier: 0.0931 (0.0931)  loss_box_reg: 0.0387 (0.0387)  loss_objectness: 0.0852 (0.0852)  loss_rpn_box_reg: 0.0185 (0.0185)  time: 2.6060  data: 0.3269  max mem: 28310
Epoch: [88]  [23/24]  eta: 0:00:02  lr: 0.000201  loss: 0.2147 (0.2167)  loss_classifier: 0.0737 (0.0750)  loss_box_reg: 0.0288 (0.0277)  loss_objectness: 0.0815 (0.0861)  loss_rpn_box_reg: 0.0267 (0.0279)  time: 2.6627  data: 0.3328  max mem: 28310
Epoch: [88] Total time: 0:01:03 (2.6654 s / it)

==================================================

Epoch: [89]  [ 0/24]  eta: 0:01:02  lr: 0.000194  loss: 0.2376 (0.2376)  loss_classifier: 0.0669 (0.0669)  loss_box_reg: 0.0259 (0.0259)  loss_objectness: 0.1117 (0.1117)  loss_rpn_box_reg: 0.0331 (0.0331)  time: 2.6135  data: 0.3193  max mem: 28310
Epoch: [89]  [23/24]  eta: 0:00:02  lr: 0.000194  loss: 0.2146 (0.2185)  loss_classifier: 0.0757 (0.0769)  loss_box_reg: 0.0313 (0.0290)  loss_objectness: 0.0823 (0.0851)  loss_rpn_box_reg: 0.0248 (0.0275)  time: 2.6320  data: 0.3345  max mem: 28310
Epoch: [89] Total time: 0:01:03 (2.6360 s / it)

==================================================

Epoch: [90]  [ 0/24]  eta: 0:01:03  lr: 0.000186  loss: 0.1738 (0.1738)  loss_classifier: 0.0565 (0.0565)  loss_box_reg: 0.0180 (0.0180)  loss_objectness: 0.0748 (0.0748)  loss_rpn_box_reg: 0.0245 (0.0245)  time: 2.6349  data: 0.3429  max mem: 28310
Epoch: [90]  [23/24]  eta: 0:00:02  lr: 0.000186  loss: 0.2157 (0.2187)  loss_classifier: 0.0768 (0.0782)  loss_box_reg: 0.0276 (0.0296)  loss_objectness: 0.0858 (0.0837)  loss_rpn_box_reg: 0.0264 (0.0272)  time: 2.7406  data: 0.3642  max mem: 28310
Epoch: [90] Total time: 0:01:05 (2.7331 s / it)

==================================================

Epoch: [91]  [ 0/24]  eta: 0:01:07  lr: 0.000179  loss: 0.2176 (0.2176)  loss_classifier: 0.0797 (0.0797)  loss_box_reg: 0.0323 (0.0323)  loss_objectness: 0.0776 (0.0776)  loss_rpn_box_reg: 0.0280 (0.0280)  time: 2.7977  data: 0.4352  max mem: 28310
Epoch: [91]  [23/24]  eta: 0:00:02  lr: 0.000179  loss: 0.2047 (0.2142)  loss_classifier: 0.0669 (0.0716)  loss_box_reg: 0.0256 (0.0260)  loss_objectness: 0.0852 (0.0888)  loss_rpn_box_reg: 0.0269 (0.0278)  time: 2.6292  data: 0.3365  max mem: 28310
Epoch: [91] Total time: 0:01:03 (2.6386 s / it)

==================================================

Epoch: [92]  [ 0/24]  eta: 0:01:03  lr: 0.000172  loss: 0.2450 (0.2450)  loss_classifier: 0.0930 (0.0930)  loss_box_reg: 0.0357 (0.0357)  loss_objectness: 0.0817 (0.0817)  loss_rpn_box_reg: 0.0346 (0.0346)  time: 2.6601  data: 0.3414  max mem: 28310
Epoch: [92]  [23/24]  eta: 0:00:02  lr: 0.000172  loss: 0.2079 (0.2137)  loss_classifier: 0.0696 (0.0717)  loss_box_reg: 0.0246 (0.0253)  loss_objectness: 0.0903 (0.0891)  loss_rpn_box_reg: 0.0274 (0.0275)  time: 2.6477  data: 0.3389  max mem: 28310
Epoch: [92] Total time: 0:01:03 (2.6531 s / it)

==================================================

Epoch: [93]  [ 0/24]  eta: 0:01:04  lr: 0.000165  loss: 0.2276 (0.2276)  loss_classifier: 0.0794 (0.0794)  loss_box_reg: 0.0316 (0.0316)  loss_objectness: 0.0885 (0.0885)  loss_rpn_box_reg: 0.0281 (0.0281)  time: 2.6757  data: 0.3490  max mem: 28310
Epoch: [93]  [23/24]  eta: 0:00:02  lr: 0.000165  loss: 0.2145 (0.2145)  loss_classifier: 0.0698 (0.0726)  loss_box_reg: 0.0247 (0.0254)  loss_objectness: 0.0885 (0.0892)  loss_rpn_box_reg: 0.0246 (0.0273)  time: 2.6187  data: 0.3242  max mem: 28310
Epoch: [93] Total time: 0:01:02 (2.6249 s / it)

==================================================

Epoch: [94]  [ 0/24]  eta: 0:01:04  lr: 0.000157  loss: 0.1970 (0.1970)  loss_classifier: 0.0688 (0.0688)  loss_box_reg: 0.0238 (0.0238)  loss_objectness: 0.0841 (0.0841)  loss_rpn_box_reg: 0.0203 (0.0203)  time: 2.6788  data: 0.3422  max mem: 28310
Epoch: [94]  [23/24]  eta: 0:00:02  lr: 0.000157  loss: 0.2198 (0.2216)  loss_classifier: 0.0772 (0.0772)  loss_box_reg: 0.0276 (0.0283)  loss_objectness: 0.0841 (0.0883)  loss_rpn_box_reg: 0.0248 (0.0278)  time: 2.6632  data: 0.3476  max mem: 28310
Epoch: [94] Total time: 0:01:03 (2.6647 s / it)

==================================================

Epoch: [95]  [ 0/24]  eta: 0:01:03  lr: 0.000150  loss: 0.1998 (0.1998)  loss_classifier: 0.0608 (0.0608)  loss_box_reg: 0.0201 (0.0201)  loss_objectness: 0.0832 (0.0832)  loss_rpn_box_reg: 0.0357 (0.0357)  time: 2.6342  data: 0.3259  max mem: 28310
Epoch: [95]  [23/24]  eta: 0:00:02  lr: 0.000150  loss: 0.2146 (0.2149)  loss_classifier: 0.0760 (0.0744)  loss_box_reg: 0.0269 (0.0262)  loss_objectness: 0.0870 (0.0868)  loss_rpn_box_reg: 0.0270 (0.0274)  time: 2.7922  data: 0.3452  max mem: 28310
Epoch: [95] Total time: 0:01:06 (2.7719 s / it)

==================================================

Epoch: [96]  [ 0/24]  eta: 0:01:00  lr: 0.000143  loss: 0.2354 (0.2354)  loss_classifier: 0.0845 (0.0845)  loss_box_reg: 0.0303 (0.0303)  loss_objectness: 0.0913 (0.0913)  loss_rpn_box_reg: 0.0294 (0.0294)  time: 2.5367  data: 0.2870  max mem: 28310
Epoch: [96]  [23/24]  eta: 0:00:02  lr: 0.000143  loss: 0.2079 (0.2151)  loss_classifier: 0.0735 (0.0754)  loss_box_reg: 0.0270 (0.0278)  loss_objectness: 0.0781 (0.0843)  loss_rpn_box_reg: 0.0253 (0.0277)  time: 2.6774  data: 0.3525  max mem: 28310
Epoch: [96] Total time: 0:01:04 (2.6693 s / it)

==================================================

Epoch: [97]  [ 0/24]  eta: 0:01:04  lr: 0.000135  loss: 0.2407 (0.2407)  loss_classifier: 0.0771 (0.0771)  loss_box_reg: 0.0263 (0.0263)  loss_objectness: 0.1037 (0.1037)  loss_rpn_box_reg: 0.0336 (0.0336)  time: 2.6972  data: 0.3761  max mem: 28310
Epoch: [97]  [23/24]  eta: 0:00:02  lr: 0.000135  loss: 0.2050 (0.2158)  loss_classifier: 0.0722 (0.0756)  loss_box_reg: 0.0264 (0.0279)  loss_objectness: 0.0792 (0.0849)  loss_rpn_box_reg: 0.0259 (0.0273)  time: 2.6404  data: 0.3369  max mem: 28310
Epoch: [97] Total time: 0:01:03 (2.6446 s / it)

==================================================

Epoch: [98]  [ 0/24]  eta: 0:01:02  lr: 0.000128  loss: 0.2023 (0.2023)  loss_classifier: 0.0804 (0.0804)  loss_box_reg: 0.0262 (0.0262)  loss_objectness: 0.0703 (0.0703)  loss_rpn_box_reg: 0.0253 (0.0253)  time: 2.5892  data: 0.2821  max mem: 28310
Epoch: [98]  [23/24]  eta: 0:00:02  lr: 0.000128  loss: 0.2167 (0.2176)  loss_classifier: 0.0800 (0.0781)  loss_box_reg: 0.0304 (0.0298)  loss_objectness: 0.0817 (0.0822)  loss_rpn_box_reg: 0.0276 (0.0275)  time: 2.6423  data: 0.3369  max mem: 28310
Epoch: [98] Total time: 0:01:03 (2.6440 s / it)

==================================================

Epoch: [99]  [ 0/24]  eta: 0:01:03  lr: 0.000121  loss: 0.2285 (0.2285)  loss_classifier: 0.0784 (0.0784)  loss_box_reg: 0.0304 (0.0304)  loss_objectness: 0.0873 (0.0873)  loss_rpn_box_reg: 0.0323 (0.0323)  time: 2.6657  data: 0.3520  max mem: 28310
Epoch: [99]  [23/24]  eta: 0:00:02  lr: 0.000121  loss: 0.2177 (0.2147)  loss_classifier: 0.0740 (0.0765)  loss_box_reg: 0.0301 (0.0292)  loss_objectness: 0.0797 (0.0816)  loss_rpn_box_reg: 0.0272 (0.0275)  time: 2.6477  data: 0.3317  max mem: 28310
Epoch: [99] Total time: 0:01:03 (2.6481 s / it)

==================================================

Training is done!
creating index...
index created!
Test:  [ 0/24]  eta: 0:00:38  model_time: 0.6857 (0.6857)  evaluator_time: 0.0054 (0.0054)  time: 1.5953  data: 0.2532  max mem: 28310
Test:  [23/24]  eta: 0:00:01  model_time: 0.6772 (0.6779)  evaluator_time: 0.0046 (0.0050)  time: 1.6028  data: 0.2587  max mem: 28310
Test: Total time: 0:00:38 (1.6013 s / it)
Averaged stats: model_time: 0.6772 (0.6779)  evaluator_time: 0.0046 (0.0050)
Accumulating evaluation results...
DONE (t=0.06s).
IoU metric: bbox
 Average Precision  (AP) @[ IoU=0.50:0.95 | area=   all | maxDets=100 ] = 0.000
 Average Precision  (AP) @[ IoU=0.50      | area=   all | maxDets=100 ] = 0.000train_big_SVHN.py:83: DeprecationWarning: `np.int` is a deprecated alias for the builtin `int`. To silence this warning, use `int` by itself. Doing this will not modify any behavior and is safe. When replacing `np.int`, you may wish to use e.g. `np.int64` or `np.int32` to specify the precision. If you wish to review your current use, check the release note link for additional information.
Deprecated in NumPy 1.20; for more details and guidance: https://numpy.org/devdocs/release/1.20.0-notes.html#deprecations
  labels.append(np.int(name.split("_")[-1]))
train_big_SVHN.py:87: DeprecationWarning: `np.float` is a deprecated alias for the builtin `float`. To silence this warning, use `float` by itself. Doing this will not modify any behavior and is safe. If you specifically wanted the numpy scalar type, use `np.float64` here.
Deprecated in NumPy 1.20; for more details and guidance: https://numpy.org/devdocs/release/1.20.0-notes.html#deprecations
  xmin = np.float(bndbox.getElementsByTagName(
train_big_SVHN.py:89: DeprecationWarning: `np.float` is a deprecated alias for the builtin `float`. To silence this warning, use `float` by itself. Doing this will not modify any behavior and is safe. If you specifically wanted the numpy scalar type, use `np.float64` here.
Deprecated in NumPy 1.20; for more details and guidance: https://numpy.org/devdocs/release/1.20.0-notes.html#deprecations
  ymin = np.float(bndbox.getElementsByTagName(
train_big_SVHN.py:91: DeprecationWarning: `np.float` is a deprecated alias for the builtin `float`. To silence this warning, use `float` by itself. Doing this will not modify any behavior and is safe. If you specifically wanted the numpy scalar type, use `np.float64` here.
Deprecated in NumPy 1.20; for more details and guidance: https://numpy.org/devdocs/release/1.20.0-notes.html#deprecations
  xmax = np.float(bndbox.getElementsByTagName(
train_big_SVHN.py:93: DeprecationWarning: `np.float` is a deprecated alias for the builtin `float`. To silence this warning, use `float` by itself. Doing this will not modify any behavior and is safe. If you specifically wanted the numpy scalar type, use `np.float64` here.
Deprecated in NumPy 1.20; for more details and guidance: https://numpy.org/devdocs/release/1.20.0-notes.html#deprecations
  ymax = np.float(bndbox.getElementsByTagName(

 Average Precision  (AP) @[ IoU=0.75      | area=   all | maxDets=100 ] = 0.000
 Average Precision  (AP) @[ IoU=0.50:0.95 | area= small | maxDets=100 ] = 0.000
 Average Precision  (AP) @[ IoU=0.50:0.95 | area=medium | maxDets=100 ] = 0.000
 Average Precision  (AP) @[ IoU=0.50:0.95 | area= large | maxDets=100 ] = 0.000
 Average Recall     (AR) @[ IoU=0.50:0.95 | area=   all | maxDets=  1 ] = 0.000
 Average Recall     (AR) @[ IoU=0.50:0.95 | area=   all | maxDets= 10 ] = 0.000
 Average Recall     (AR) @[ IoU=0.50:0.95 | area=   all | maxDets=100 ] = 0.000
 Average Recall     (AR) @[ IoU=0.50:0.95 | area= small | maxDets=100 ] = 0.000
 Average Recall     (AR) @[ IoU=0.50:0.95 | area=medium | maxDets=100 ] = 0.000
 Average Recall     (AR) @[ IoU=0.50:0.95 | area= large | maxDets=100 ] = 0.000
